<?xml version="1.0" encoding="UTF-8"?>
<testng-results skipped="0" failed="0" ignored="0" total="1" passed="1">
  <reporter-output>
  </reporter-output>
  <suite name="Default suite" duration-ms="56" started-at="2021-07-17T11:39:07Z" finished-at="2021-07-17T11:39:07Z">
    <groups>
    </groups>
    <test name="Default test" duration-ms="56" started-at="2021-07-17T11:39:07Z" finished-at="2021-07-17T11:39:07Z">
      <class name="MotorUX">
        <test-method status="PASS" signature="firstTest()[pri:0, instance:MotorUX@7ac7a4e4]" name="firstTest" duration-ms="12" started-at="2021-07-17T11:39:07Z" finished-at="2021-07-17T11:39:07Z">
          <reporter-output>
          </reporter-output>
        </test-method> <!-- firstTest -->
      </class> <!-- MotorUX -->
    </test> <!-- Default test -->
  </suite> <!-- Default suite -->
</testng-results>
